CRITICAL - 2023-02-19 18:02:32 --> Call to a member function get() on null
#0 /storage/ssd5/104/20313104/public_html/app/Views/staff/index.php(33): App\Models\Staff_model->kategori_staff()
#1 /storage/ssd5/104/20313104/public_html/system/View/View.php(214): include('/storage/ssd5/1...')
#2 /storage/ssd5/104/20313104/public_html/system/View/View.php(217): CodeIgniter\View\View->CodeIgniter\View\{closure}()
#3 /storage/ssd5/104/20313104/public_html/system/Common.php(1097): CodeIgniter\View\View->render()
#4 /storage/ssd5/104/20313104/public_html/app/Views/layout/content.php(4): view()
#5 /storage/ssd5/104/20313104/public_html/app/Views/layout/wrapper.php(6): require_once('/storage/ssd5/1...')
#6 /storage/ssd5/104/20313104/public_html/system/View/View.php(214): include('/storage/ssd5/1...')
#7 /storage/ssd5/104/20313104/public_html/system/View/View.php(217): CodeIgniter\View\View->CodeIgniter\View\{closure}()
#8 /storage/ssd5/104/20313104/public_html/system/Common.php(1097): CodeIgniter\View\View->render()
#9 /storage/ssd5/104/20313104/public_html/app/Controllers/Staff.php(28): view()
#10 /storage/ssd5/104/20313104/public_html/system/CodeIgniter.php(824): App\Controllers\Staff->index()
#11 /storage/ssd5/104/20313104/public_html/system/CodeIgniter.php(410): CodeIgniter\CodeIgniter->runController()
#12 /storage/ssd5/104/20313104/public_html/system/CodeIgniter.php(318): CodeIgniter\CodeIgniter->handleRequest()
#13 /storage/ssd5/104/20313104/public_html/index.php(37): CodeIgniter\CodeIgniter->run()
#14 {main}
CRITICAL - 2023-02-19 18:02:37 --> Call to a member function get() on null
#0 /storage/ssd5/104/20313104/public_html/app/Views/staff/index.php(33): App\Models\Staff_model->kategori_staff()
#1 /storage/ssd5/104/20313104/public_html/system/View/View.php(214): include('/storage/ssd5/1...')
#2 /storage/ssd5/104/20313104/public_html/system/View/View.php(217): CodeIgniter\View\View->CodeIgniter\View\{closure}()
#3 /storage/ssd5/104/20313104/public_html/system/Common.php(1097): CodeIgniter\View\View->render()
#4 /storage/ssd5/104/20313104/public_html/app/Views/layout/content.php(4): view()
#5 /storage/ssd5/104/20313104/public_html/app/Views/layout/wrapper.php(6): require_once('/storage/ssd5/1...')
#6 /storage/ssd5/104/20313104/public_html/system/View/View.php(214): include('/storage/ssd5/1...')
#7 /storage/ssd5/104/20313104/public_html/system/View/View.php(217): CodeIgniter\View\View->CodeIgniter\View\{closure}()
#8 /storage/ssd5/104/20313104/public_html/system/Common.php(1097): CodeIgniter\View\View->render()
#9 /storage/ssd5/104/20313104/public_html/app/Controllers/Staff.php(28): view()
#10 /storage/ssd5/104/20313104/public_html/system/CodeIgniter.php(824): App\Controllers\Staff->index()
#11 /storage/ssd5/104/20313104/public_html/system/CodeIgniter.php(410): CodeIgniter\CodeIgniter->runController()
#12 /storage/ssd5/104/20313104/public_html/system/CodeIgniter.php(318): CodeIgniter\CodeIgniter->handleRequest()
#13 /storage/ssd5/104/20313104/public_html/index.php(37): CodeIgniter\CodeIgniter->run()
#14 {main}
