CRITICAL - 2023-02-21 06:55:56 --> Call to a member function get() on null
#0 /storage/ssd5/104/20313104/public_html/app/Views/staff/index.php(33): App\Models\Staff_model->kategori_staff()
#1 /storage/ssd5/104/20313104/public_html/system/View/View.php(214): include('/storage/ssd5/1...')
#2 /storage/ssd5/104/20313104/public_html/system/View/View.php(217): CodeIgniter\View\View->CodeIgniter\View\{closure}()
#3 /storage/ssd5/104/20313104/public_html/system/Common.php(1097): CodeIgniter\View\View->render()
#4 /storage/ssd5/104/20313104/public_html/app/Views/layout/content.php(4): view()
#5 /storage/ssd5/104/20313104/public_html/app/Views/layout/wrapper.php(6): require_once('/storage/ssd5/1...')
#6 /storage/ssd5/104/20313104/public_html/system/View/View.php(214): include('/storage/ssd5/1...')
#7 /storage/ssd5/104/20313104/public_html/system/View/View.php(217): CodeIgniter\View\View->CodeIgniter\View\{closure}()
#8 /storage/ssd5/104/20313104/public_html/system/Common.php(1097): CodeIgniter\View\View->render()
#9 /storage/ssd5/104/20313104/public_html/app/Controllers/Staff.php(28): view()
#10 /storage/ssd5/104/20313104/public_html/system/CodeIgniter.php(824): App\Controllers\Staff->index()
#11 /storage/ssd5/104/20313104/public_html/system/CodeIgniter.php(410): CodeIgniter\CodeIgniter->runController()
#12 /storage/ssd5/104/20313104/public_html/system/CodeIgniter.php(318): CodeIgniter\CodeIgniter->handleRequest()
#13 /storage/ssd5/104/20313104/public_html/index.php(37): CodeIgniter\CodeIgniter->run()
#14 {main}
CRITICAL - 2023-02-21 06:55:59 --> Call to a member function get() on null
#0 /storage/ssd5/104/20313104/public_html/app/Views/staff/index.php(33): App\Models\Staff_model->kategori_staff()
#1 /storage/ssd5/104/20313104/public_html/system/View/View.php(214): include('/storage/ssd5/1...')
#2 /storage/ssd5/104/20313104/public_html/system/View/View.php(217): CodeIgniter\View\View->CodeIgniter\View\{closure}()
#3 /storage/ssd5/104/20313104/public_html/system/Common.php(1097): CodeIgniter\View\View->render()
#4 /storage/ssd5/104/20313104/public_html/app/Views/layout/content.php(4): view()
#5 /storage/ssd5/104/20313104/public_html/app/Views/layout/wrapper.php(6): require_once('/storage/ssd5/1...')
#6 /storage/ssd5/104/20313104/public_html/system/View/View.php(214): include('/storage/ssd5/1...')
#7 /storage/ssd5/104/20313104/public_html/system/View/View.php(217): CodeIgniter\View\View->CodeIgniter\View\{closure}()
#8 /storage/ssd5/104/20313104/public_html/system/Common.php(1097): CodeIgniter\View\View->render()
#9 /storage/ssd5/104/20313104/public_html/app/Controllers/Staff.php(28): view()
#10 /storage/ssd5/104/20313104/public_html/system/CodeIgniter.php(824): App\Controllers\Staff->index()
#11 /storage/ssd5/104/20313104/public_html/system/CodeIgniter.php(410): CodeIgniter\CodeIgniter->runController()
#12 /storage/ssd5/104/20313104/public_html/system/CodeIgniter.php(318): CodeIgniter\CodeIgniter->handleRequest()
#13 /storage/ssd5/104/20313104/public_html/index.php(37): CodeIgniter\CodeIgniter->run()
#14 {main}
ERROR - 2023-02-21 10:56:21 --> Unknown column 'urutan' in 'field list'
CRITICAL - 2023-02-21 10:58:55 --> You must set the database table to be used with your query.
#0 /storage/ssd5/104/20313104/public_html/system/Model.php(545): CodeIgniter\Database\BaseConnection->table()
#1 /storage/ssd5/104/20313104/public_html/system/Model.php(717): CodeIgniter\Model->builder()
#2 /storage/ssd5/104/20313104/public_html/system/Model.php(592): CodeIgniter\Model->__call()
#3 /storage/ssd5/104/20313104/public_html/system/BaseModel.php(655): CodeIgniter\Model->shouldUpdate()
#4 /storage/ssd5/104/20313104/public_html/app/Controllers/Admin/Staff.php(58): CodeIgniter\BaseModel->save()
#5 /storage/ssd5/104/20313104/public_html/system/CodeIgniter.php(824): App\Controllers\Admin\Staff->index()
#6 /storage/ssd5/104/20313104/public_html/system/CodeIgniter.php(410): CodeIgniter\CodeIgniter->runController()
#7 /storage/ssd5/104/20313104/public_html/system/CodeIgniter.php(318): CodeIgniter\CodeIgniter->handleRequest()
#8 /storage/ssd5/104/20313104/public_html/index.php(37): CodeIgniter\CodeIgniter->run()
#9 {main}
CRITICAL - 2023-02-21 10:59:01 --> You must set the database table to be used with your query.
#0 /storage/ssd5/104/20313104/public_html/system/Model.php(545): CodeIgniter\Database\BaseConnection->table()
#1 /storage/ssd5/104/20313104/public_html/system/Model.php(717): CodeIgniter\Model->builder()
#2 /storage/ssd5/104/20313104/public_html/system/Model.php(592): CodeIgniter\Model->__call()
#3 /storage/ssd5/104/20313104/public_html/system/BaseModel.php(655): CodeIgniter\Model->shouldUpdate()
#4 /storage/ssd5/104/20313104/public_html/app/Controllers/Admin/Staff.php(58): CodeIgniter\BaseModel->save()
#5 /storage/ssd5/104/20313104/public_html/system/CodeIgniter.php(824): App\Controllers\Admin\Staff->index()
#6 /storage/ssd5/104/20313104/public_html/system/CodeIgniter.php(410): CodeIgniter\CodeIgniter->runController()
#7 /storage/ssd5/104/20313104/public_html/system/CodeIgniter.php(318): CodeIgniter\CodeIgniter->handleRequest()
#8 /storage/ssd5/104/20313104/public_html/index.php(37): CodeIgniter\CodeIgniter->run()
#9 {main}
CRITICAL - 2023-02-21 10:59:05 --> You must set the database table to be used with your query.
#0 /storage/ssd5/104/20313104/public_html/system/Model.php(545): CodeIgniter\Database\BaseConnection->table()
#1 /storage/ssd5/104/20313104/public_html/system/Model.php(717): CodeIgniter\Model->builder()
#2 /storage/ssd5/104/20313104/public_html/system/Model.php(592): CodeIgniter\Model->__call()
#3 /storage/ssd5/104/20313104/public_html/system/BaseModel.php(655): CodeIgniter\Model->shouldUpdate()
#4 /storage/ssd5/104/20313104/public_html/app/Controllers/Admin/Staff.php(58): CodeIgniter\BaseModel->save()
#5 /storage/ssd5/104/20313104/public_html/system/CodeIgniter.php(824): App\Controllers\Admin\Staff->index()
#6 /storage/ssd5/104/20313104/public_html/system/CodeIgniter.php(410): CodeIgniter\CodeIgniter->runController()
#7 /storage/ssd5/104/20313104/public_html/system/CodeIgniter.php(318): CodeIgniter\CodeIgniter->handleRequest()
#8 /storage/ssd5/104/20313104/public_html/index.php(37): CodeIgniter\CodeIgniter->run()
#9 {main}
CRITICAL - 2023-02-21 11:00:03 --> You must set the database table to be used with your query.
#0 /storage/ssd5/104/20313104/public_html/system/Model.php(545): CodeIgniter\Database\BaseConnection->table()
#1 /storage/ssd5/104/20313104/public_html/system/Model.php(717): CodeIgniter\Model->builder()
#2 /storage/ssd5/104/20313104/public_html/system/Model.php(592): CodeIgniter\Model->__call()
#3 /storage/ssd5/104/20313104/public_html/system/BaseModel.php(655): CodeIgniter\Model->shouldUpdate()
#4 /storage/ssd5/104/20313104/public_html/app/Controllers/Admin/Staff.php(81): CodeIgniter\BaseModel->save()
#5 /storage/ssd5/104/20313104/public_html/system/CodeIgniter.php(824): App\Controllers\Admin\Staff->index()
#6 /storage/ssd5/104/20313104/public_html/system/CodeIgniter.php(410): CodeIgniter\CodeIgniter->runController()
#7 /storage/ssd5/104/20313104/public_html/system/CodeIgniter.php(318): CodeIgniter\CodeIgniter->handleRequest()
#8 /storage/ssd5/104/20313104/public_html/index.php(37): CodeIgniter\CodeIgniter->run()
#9 {main}
CRITICAL - 2023-02-21 11:00:40 --> You must set the database table to be used with your query.
#0 /storage/ssd5/104/20313104/public_html/system/Model.php(545): CodeIgniter\Database\BaseConnection->table()
#1 /storage/ssd5/104/20313104/public_html/system/Model.php(717): CodeIgniter\Model->builder()
#2 /storage/ssd5/104/20313104/public_html/system/Model.php(592): CodeIgniter\Model->__call()
#3 /storage/ssd5/104/20313104/public_html/system/BaseModel.php(655): CodeIgniter\Model->shouldUpdate()
#4 /storage/ssd5/104/20313104/public_html/app/Controllers/Admin/Staff.php(81): CodeIgniter\BaseModel->save()
#5 /storage/ssd5/104/20313104/public_html/system/CodeIgniter.php(824): App\Controllers\Admin\Staff->index()
#6 /storage/ssd5/104/20313104/public_html/system/CodeIgniter.php(410): CodeIgniter\CodeIgniter->runController()
#7 /storage/ssd5/104/20313104/public_html/system/CodeIgniter.php(318): CodeIgniter\CodeIgniter->handleRequest()
#8 /storage/ssd5/104/20313104/public_html/index.php(37): CodeIgniter\CodeIgniter->run()
#9 {main}
CRITICAL - 2023-02-21 11:12:25 --> You must set the database table to be used with your query.
#0 /storage/ssd5/104/20313104/public_html/system/Model.php(545): CodeIgniter\Database\BaseConnection->table()
#1 /storage/ssd5/104/20313104/public_html/system/Model.php(717): CodeIgniter\Model->builder()
#2 /storage/ssd5/104/20313104/public_html/system/Model.php(592): CodeIgniter\Model->__call()
#3 /storage/ssd5/104/20313104/public_html/system/BaseModel.php(655): CodeIgniter\Model->shouldUpdate()
#4 /storage/ssd5/104/20313104/public_html/app/Controllers/Admin/Staff.php(81): CodeIgniter\BaseModel->save()
#5 /storage/ssd5/104/20313104/public_html/system/CodeIgniter.php(824): App\Controllers\Admin\Staff->index()
#6 /storage/ssd5/104/20313104/public_html/system/CodeIgniter.php(410): CodeIgniter\CodeIgniter->runController()
#7 /storage/ssd5/104/20313104/public_html/system/CodeIgniter.php(318): CodeIgniter\CodeIgniter->handleRequest()
#8 /storage/ssd5/104/20313104/public_html/index.php(37): CodeIgniter\CodeIgniter->run()
#9 {main}
