ERROR - 2023-02-17 07:27:22 --> Unknown column 'staff.urutan' in 'order clause'
CRITICAL - 2023-02-17 07:27:22 --> Call to a member function getResultArray() on bool
#0 /storage/ssd5/104/20313104/public_html/app/Views/staff/index.php(33): App\Models\Staff_model->kategori_staff()
#1 /storage/ssd5/104/20313104/public_html/system/View/View.php(214): include('/storage/ssd5/1...')
#2 /storage/ssd5/104/20313104/public_html/system/View/View.php(217): CodeIgniter\View\View->CodeIgniter\View\{closure}()
#3 /storage/ssd5/104/20313104/public_html/system/Common.php(1097): CodeIgniter\View\View->render()
#4 /storage/ssd5/104/20313104/public_html/app/Views/layout/content.php(4): view()
#5 /storage/ssd5/104/20313104/public_html/app/Views/layout/wrapper.php(6): require_once('/storage/ssd5/1...')
#6 /storage/ssd5/104/20313104/public_html/system/View/View.php(214): include('/storage/ssd5/1...')
#7 /storage/ssd5/104/20313104/public_html/system/View/View.php(217): CodeIgniter\View\View->CodeIgniter\View\{closure}()
#8 /storage/ssd5/104/20313104/public_html/system/Common.php(1097): CodeIgniter\View\View->render()
#9 /storage/ssd5/104/20313104/public_html/app/Controllers/Staff.php(28): view()
#10 /storage/ssd5/104/20313104/public_html/system/CodeIgniter.php(824): App\Controllers\Staff->index()
#11 /storage/ssd5/104/20313104/public_html/system/CodeIgniter.php(410): CodeIgniter\CodeIgniter->runController()
#12 /storage/ssd5/104/20313104/public_html/system/CodeIgniter.php(318): CodeIgniter\CodeIgniter->handleRequest()
#13 /storage/ssd5/104/20313104/public_html/index.php(37): CodeIgniter\CodeIgniter->run()
#14 {main}
ERROR - 2023-02-17 07:32:04 --> Unknown column 'staff.urutan' in 'order clause'
CRITICAL - 2023-02-17 07:32:04 --> Call to a member function getResultArray() on bool
#0 /storage/ssd5/104/20313104/public_html/app/Views/staff/index.php(33): App\Models\Staff_model->kategori_staff()
#1 /storage/ssd5/104/20313104/public_html/system/View/View.php(214): include('/storage/ssd5/1...')
#2 /storage/ssd5/104/20313104/public_html/system/View/View.php(217): CodeIgniter\View\View->CodeIgniter\View\{closure}()
#3 /storage/ssd5/104/20313104/public_html/system/Common.php(1097): CodeIgniter\View\View->render()
#4 /storage/ssd5/104/20313104/public_html/app/Views/layout/content.php(4): view()
#5 /storage/ssd5/104/20313104/public_html/app/Views/layout/wrapper.php(6): require_once('/storage/ssd5/1...')
#6 /storage/ssd5/104/20313104/public_html/system/View/View.php(214): include('/storage/ssd5/1...')
#7 /storage/ssd5/104/20313104/public_html/system/View/View.php(217): CodeIgniter\View\View->CodeIgniter\View\{closure}()
#8 /storage/ssd5/104/20313104/public_html/system/Common.php(1097): CodeIgniter\View\View->render()
#9 /storage/ssd5/104/20313104/public_html/app/Controllers/Staff.php(28): view()
#10 /storage/ssd5/104/20313104/public_html/system/CodeIgniter.php(824): App\Controllers\Staff->index()
#11 /storage/ssd5/104/20313104/public_html/system/CodeIgniter.php(410): CodeIgniter\CodeIgniter->runController()
#12 /storage/ssd5/104/20313104/public_html/system/CodeIgniter.php(318): CodeIgniter\CodeIgniter->handleRequest()
#13 /storage/ssd5/104/20313104/public_html/index.php(37): CodeIgniter\CodeIgniter->run()
#14 {main}
ERROR - 2023-02-17 07:43:50 --> Unknown column 'staff.urutan' in 'order clause'
CRITICAL - 2023-02-17 07:43:50 --> Call to a member function getResultArray() on bool
#0 /storage/ssd5/104/20313104/public_html/app/Views/staff/index.php(33): App\Models\Staff_model->kategori_staff()
#1 /storage/ssd5/104/20313104/public_html/system/View/View.php(214): include('/storage/ssd5/1...')
#2 /storage/ssd5/104/20313104/public_html/system/View/View.php(217): CodeIgniter\View\View->CodeIgniter\View\{closure}()
#3 /storage/ssd5/104/20313104/public_html/system/Common.php(1097): CodeIgniter\View\View->render()
#4 /storage/ssd5/104/20313104/public_html/app/Views/layout/content.php(4): view()
#5 /storage/ssd5/104/20313104/public_html/app/Views/layout/wrapper.php(6): require_once('/storage/ssd5/1...')
#6 /storage/ssd5/104/20313104/public_html/system/View/View.php(214): include('/storage/ssd5/1...')
#7 /storage/ssd5/104/20313104/public_html/system/View/View.php(217): CodeIgniter\View\View->CodeIgniter\View\{closure}()
#8 /storage/ssd5/104/20313104/public_html/system/Common.php(1097): CodeIgniter\View\View->render()
#9 /storage/ssd5/104/20313104/public_html/app/Controllers/Staff.php(28): view()
#10 /storage/ssd5/104/20313104/public_html/system/CodeIgniter.php(824): App\Controllers\Staff->index()
#11 /storage/ssd5/104/20313104/public_html/system/CodeIgniter.php(410): CodeIgniter\CodeIgniter->runController()
#12 /storage/ssd5/104/20313104/public_html/system/CodeIgniter.php(318): CodeIgniter\CodeIgniter->handleRequest()
#13 /storage/ssd5/104/20313104/public_html/index.php(37): CodeIgniter\CodeIgniter->run()
#14 {main}
ERROR - 2023-02-17 07:52:01 --> Unknown column 'staff.urutan' in 'order clause'
CRITICAL - 2023-02-17 07:52:01 --> Call to a member function getResultArray() on bool
#0 /storage/ssd5/104/20313104/public_html/app/Views/staff/index.php(33): App\Models\Staff_model->kategori_staff()
#1 /storage/ssd5/104/20313104/public_html/system/View/View.php(214): include('/storage/ssd5/1...')
#2 /storage/ssd5/104/20313104/public_html/system/View/View.php(217): CodeIgniter\View\View->CodeIgniter\View\{closure}()
#3 /storage/ssd5/104/20313104/public_html/system/Common.php(1097): CodeIgniter\View\View->render()
#4 /storage/ssd5/104/20313104/public_html/app/Views/layout/content.php(4): view()
#5 /storage/ssd5/104/20313104/public_html/app/Views/layout/wrapper.php(6): require_once('/storage/ssd5/1...')
#6 /storage/ssd5/104/20313104/public_html/system/View/View.php(214): include('/storage/ssd5/1...')
#7 /storage/ssd5/104/20313104/public_html/system/View/View.php(217): CodeIgniter\View\View->CodeIgniter\View\{closure}()
#8 /storage/ssd5/104/20313104/public_html/system/Common.php(1097): CodeIgniter\View\View->render()
#9 /storage/ssd5/104/20313104/public_html/app/Controllers/Staff.php(28): view()
#10 /storage/ssd5/104/20313104/public_html/system/CodeIgniter.php(824): App\Controllers\Staff->index()
#11 /storage/ssd5/104/20313104/public_html/system/CodeIgniter.php(410): CodeIgniter\CodeIgniter->runController()
#12 /storage/ssd5/104/20313104/public_html/system/CodeIgniter.php(318): CodeIgniter\CodeIgniter->handleRequest()
#13 /storage/ssd5/104/20313104/public_html/index.php(37): CodeIgniter\CodeIgniter->run()
#14 {main}
CRITICAL - 2023-02-17 07:52:27 --> Call to a member function get() on null
#0 /storage/ssd5/104/20313104/public_html/app/Views/staff/index.php(33): App\Models\Staff_model->kategori_staff()
#1 /storage/ssd5/104/20313104/public_html/system/View/View.php(214): include('/storage/ssd5/1...')
#2 /storage/ssd5/104/20313104/public_html/system/View/View.php(217): CodeIgniter\View\View->CodeIgniter\View\{closure}()
#3 /storage/ssd5/104/20313104/public_html/system/Common.php(1097): CodeIgniter\View\View->render()
#4 /storage/ssd5/104/20313104/public_html/app/Views/layout/content.php(4): view()
#5 /storage/ssd5/104/20313104/public_html/app/Views/layout/wrapper.php(6): require_once('/storage/ssd5/1...')
#6 /storage/ssd5/104/20313104/public_html/system/View/View.php(214): include('/storage/ssd5/1...')
#7 /storage/ssd5/104/20313104/public_html/system/View/View.php(217): CodeIgniter\View\View->CodeIgniter\View\{closure}()
#8 /storage/ssd5/104/20313104/public_html/system/Common.php(1097): CodeIgniter\View\View->render()
#9 /storage/ssd5/104/20313104/public_html/app/Controllers/Staff.php(28): view()
#10 /storage/ssd5/104/20313104/public_html/system/CodeIgniter.php(824): App\Controllers\Staff->index()
#11 /storage/ssd5/104/20313104/public_html/system/CodeIgniter.php(410): CodeIgniter\CodeIgniter->runController()
#12 /storage/ssd5/104/20313104/public_html/system/CodeIgniter.php(318): CodeIgniter\CodeIgniter->handleRequest()
#13 /storage/ssd5/104/20313104/public_html/index.php(37): CodeIgniter\CodeIgniter->run()
#14 {main}
ERROR - 2023-02-17 07:55:49 --> Unknown column 'staff.urutan' in 'order clause'
CRITICAL - 2023-02-17 07:55:49 --> Call to a member function getResultArray() on bool
#0 /storage/ssd5/104/20313104/public_html/app/Views/staff/index.php(33): App\Models\Staff_model->kategori_staff()
#1 /storage/ssd5/104/20313104/public_html/system/View/View.php(214): include('/storage/ssd5/1...')
#2 /storage/ssd5/104/20313104/public_html/system/View/View.php(217): CodeIgniter\View\View->CodeIgniter\View\{closure}()
#3 /storage/ssd5/104/20313104/public_html/system/Common.php(1097): CodeIgniter\View\View->render()
#4 /storage/ssd5/104/20313104/public_html/app/Views/layout/content.php(4): view()
#5 /storage/ssd5/104/20313104/public_html/app/Views/layout/wrapper.php(6): require_once('/storage/ssd5/1...')
#6 /storage/ssd5/104/20313104/public_html/system/View/View.php(214): include('/storage/ssd5/1...')
#7 /storage/ssd5/104/20313104/public_html/system/View/View.php(217): CodeIgniter\View\View->CodeIgniter\View\{closure}()
#8 /storage/ssd5/104/20313104/public_html/system/Common.php(1097): CodeIgniter\View\View->render()
#9 /storage/ssd5/104/20313104/public_html/app/Controllers/Staff.php(28): view()
#10 /storage/ssd5/104/20313104/public_html/system/CodeIgniter.php(824): App\Controllers\Staff->index()
#11 /storage/ssd5/104/20313104/public_html/system/CodeIgniter.php(410): CodeIgniter\CodeIgniter->runController()
#12 /storage/ssd5/104/20313104/public_html/system/CodeIgniter.php(318): CodeIgniter\CodeIgniter->handleRequest()
#13 /storage/ssd5/104/20313104/public_html/index.php(37): CodeIgniter\CodeIgniter->run()
#14 {main}
ERROR - 2023-02-17 07:57:09 --> Unknown column 'staff.urutan' in 'order clause'
CRITICAL - 2023-02-17 07:57:09 --> Call to a member function getResultArray() on bool
#0 /storage/ssd5/104/20313104/public_html/app/Views/staff/index.php(33): App\Models\Staff_model->kategori_staff()
#1 /storage/ssd5/104/20313104/public_html/system/View/View.php(214): include('/storage/ssd5/1...')
#2 /storage/ssd5/104/20313104/public_html/system/View/View.php(217): CodeIgniter\View\View->CodeIgniter\View\{closure}()
#3 /storage/ssd5/104/20313104/public_html/system/Common.php(1097): CodeIgniter\View\View->render()
#4 /storage/ssd5/104/20313104/public_html/app/Views/layout/content.php(4): view()
#5 /storage/ssd5/104/20313104/public_html/app/Views/layout/wrapper.php(6): require_once('/storage/ssd5/1...')
#6 /storage/ssd5/104/20313104/public_html/system/View/View.php(214): include('/storage/ssd5/1...')
#7 /storage/ssd5/104/20313104/public_html/system/View/View.php(217): CodeIgniter\View\View->CodeIgniter\View\{closure}()
#8 /storage/ssd5/104/20313104/public_html/system/Common.php(1097): CodeIgniter\View\View->render()
#9 /storage/ssd5/104/20313104/public_html/app/Controllers/Staff.php(28): view()
#10 /storage/ssd5/104/20313104/public_html/system/CodeIgniter.php(824): App\Controllers\Staff->index()
#11 /storage/ssd5/104/20313104/public_html/system/CodeIgniter.php(410): CodeIgniter\CodeIgniter->runController()
#12 /storage/ssd5/104/20313104/public_html/system/CodeIgniter.php(318): CodeIgniter\CodeIgniter->handleRequest()
#13 /storage/ssd5/104/20313104/public_html/index.php(37): CodeIgniter\CodeIgniter->run()
#14 {main}
ERROR - 2023-02-17 08:00:34 --> Unknown column 'staff.urutan' in 'order clause'
CRITICAL - 2023-02-17 08:00:34 --> Call to a member function getResultArray() on bool
#0 /storage/ssd5/104/20313104/public_html/app/Views/staff/index.php(33): App\Models\Staff_model->kategori_staff()
#1 /storage/ssd5/104/20313104/public_html/system/View/View.php(214): include('/storage/ssd5/1...')
#2 /storage/ssd5/104/20313104/public_html/system/View/View.php(217): CodeIgniter\View\View->CodeIgniter\View\{closure}()
#3 /storage/ssd5/104/20313104/public_html/system/Common.php(1097): CodeIgniter\View\View->render()
#4 /storage/ssd5/104/20313104/public_html/app/Views/layout/content.php(4): view()
#5 /storage/ssd5/104/20313104/public_html/app/Views/layout/wrapper.php(6): require_once('/storage/ssd5/1...')
#6 /storage/ssd5/104/20313104/public_html/system/View/View.php(214): include('/storage/ssd5/1...')
#7 /storage/ssd5/104/20313104/public_html/system/View/View.php(217): CodeIgniter\View\View->CodeIgniter\View\{closure}()
#8 /storage/ssd5/104/20313104/public_html/system/Common.php(1097): CodeIgniter\View\View->render()
#9 /storage/ssd5/104/20313104/public_html/app/Controllers/Staff.php(28): view()
#10 /storage/ssd5/104/20313104/public_html/system/CodeIgniter.php(824): App\Controllers\Staff->index()
#11 /storage/ssd5/104/20313104/public_html/system/CodeIgniter.php(410): CodeIgniter\CodeIgniter->runController()
#12 /storage/ssd5/104/20313104/public_html/system/CodeIgniter.php(318): CodeIgniter\CodeIgniter->handleRequest()
#13 /storage/ssd5/104/20313104/public_html/index.php(37): CodeIgniter\CodeIgniter->run()
#14 {main}
ERROR - 2023-02-17 09:17:27 --> Unknown column 'staff.urutan' in 'order clause'
CRITICAL - 2023-02-17 09:17:27 --> Call to a member function getResultArray() on bool
#0 /storage/ssd5/104/20313104/public_html/app/Views/staff/index.php(33): App\Models\Staff_model->kategori_staff()
#1 /storage/ssd5/104/20313104/public_html/system/View/View.php(214): include('/storage/ssd5/1...')
#2 /storage/ssd5/104/20313104/public_html/system/View/View.php(217): CodeIgniter\View\View->CodeIgniter\View\{closure}()
#3 /storage/ssd5/104/20313104/public_html/system/Common.php(1097): CodeIgniter\View\View->render()
#4 /storage/ssd5/104/20313104/public_html/app/Views/layout/content.php(4): view()
#5 /storage/ssd5/104/20313104/public_html/app/Views/layout/wrapper.php(6): require_once('/storage/ssd5/1...')
#6 /storage/ssd5/104/20313104/public_html/system/View/View.php(214): include('/storage/ssd5/1...')
#7 /storage/ssd5/104/20313104/public_html/system/View/View.php(217): CodeIgniter\View\View->CodeIgniter\View\{closure}()
#8 /storage/ssd5/104/20313104/public_html/system/Common.php(1097): CodeIgniter\View\View->render()
#9 /storage/ssd5/104/20313104/public_html/app/Controllers/Staff.php(28): view()
#10 /storage/ssd5/104/20313104/public_html/system/CodeIgniter.php(824): App\Controllers\Staff->index()
#11 /storage/ssd5/104/20313104/public_html/system/CodeIgniter.php(410): CodeIgniter\CodeIgniter->runController()
#12 /storage/ssd5/104/20313104/public_html/system/CodeIgniter.php(318): CodeIgniter\CodeIgniter->handleRequest()
#13 /storage/ssd5/104/20313104/public_html/index.php(37): CodeIgniter\CodeIgniter->run()
#14 {main}
ERROR - 2023-02-17 09:18:25 --> Unknown column 'staff.urutan' in 'order clause'
CRITICAL - 2023-02-17 09:18:25 --> Call to a member function getResultArray() on bool
#0 /storage/ssd5/104/20313104/public_html/app/Views/staff/index.php(33): App\Models\Staff_model->kategori_staff()
#1 /storage/ssd5/104/20313104/public_html/system/View/View.php(214): include('/storage/ssd5/1...')
#2 /storage/ssd5/104/20313104/public_html/system/View/View.php(217): CodeIgniter\View\View->CodeIgniter\View\{closure}()
#3 /storage/ssd5/104/20313104/public_html/system/Common.php(1097): CodeIgniter\View\View->render()
#4 /storage/ssd5/104/20313104/public_html/app/Views/layout/content.php(4): view()
#5 /storage/ssd5/104/20313104/public_html/app/Views/layout/wrapper.php(6): require_once('/storage/ssd5/1...')
#6 /storage/ssd5/104/20313104/public_html/system/View/View.php(214): include('/storage/ssd5/1...')
#7 /storage/ssd5/104/20313104/public_html/system/View/View.php(217): CodeIgniter\View\View->CodeIgniter\View\{closure}()
#8 /storage/ssd5/104/20313104/public_html/system/Common.php(1097): CodeIgniter\View\View->render()
#9 /storage/ssd5/104/20313104/public_html/app/Controllers/Staff.php(28): view()
#10 /storage/ssd5/104/20313104/public_html/system/CodeIgniter.php(824): App\Controllers\Staff->index()
#11 /storage/ssd5/104/20313104/public_html/system/CodeIgniter.php(410): CodeIgniter\CodeIgniter->runController()
#12 /storage/ssd5/104/20313104/public_html/system/CodeIgniter.php(318): CodeIgniter\CodeIgniter->handleRequest()
#13 /storage/ssd5/104/20313104/public_html/index.php(37): CodeIgniter\CodeIgniter->run()
#14 {main}
ERROR - 2023-02-17 09:19:52 --> Unknown column 'staff.urutan' in 'order clause'
CRITICAL - 2023-02-17 09:19:52 --> Call to a member function getResultArray() on bool
#0 /storage/ssd5/104/20313104/public_html/app/Views/staff/index.php(33): App\Models\Staff_model->kategori_staff()
#1 /storage/ssd5/104/20313104/public_html/system/View/View.php(214): include('/storage/ssd5/1...')
#2 /storage/ssd5/104/20313104/public_html/system/View/View.php(217): CodeIgniter\View\View->CodeIgniter\View\{closure}()
#3 /storage/ssd5/104/20313104/public_html/system/Common.php(1097): CodeIgniter\View\View->render()
#4 /storage/ssd5/104/20313104/public_html/app/Views/layout/content.php(4): view()
#5 /storage/ssd5/104/20313104/public_html/app/Views/layout/wrapper.php(6): require_once('/storage/ssd5/1...')
#6 /storage/ssd5/104/20313104/public_html/system/View/View.php(214): include('/storage/ssd5/1...')
#7 /storage/ssd5/104/20313104/public_html/system/View/View.php(217): CodeIgniter\View\View->CodeIgniter\View\{closure}()
#8 /storage/ssd5/104/20313104/public_html/system/Common.php(1097): CodeIgniter\View\View->render()
#9 /storage/ssd5/104/20313104/public_html/app/Controllers/Staff.php(28): view()
#10 /storage/ssd5/104/20313104/public_html/system/CodeIgniter.php(824): App\Controllers\Staff->index()
#11 /storage/ssd5/104/20313104/public_html/system/CodeIgniter.php(410): CodeIgniter\CodeIgniter->runController()
#12 /storage/ssd5/104/20313104/public_html/system/CodeIgniter.php(318): CodeIgniter\CodeIgniter->handleRequest()
#13 /storage/ssd5/104/20313104/public_html/index.php(37): CodeIgniter\CodeIgniter->run()
#14 {main}
ERROR - 2023-02-17 09:19:55 --> Unknown column 'staff.urutan' in 'order clause'
CRITICAL - 2023-02-17 09:19:55 --> Call to a member function getResultArray() on bool
#0 /storage/ssd5/104/20313104/public_html/app/Views/staff/index.php(33): App\Models\Staff_model->kategori_staff()
#1 /storage/ssd5/104/20313104/public_html/system/View/View.php(214): include('/storage/ssd5/1...')
#2 /storage/ssd5/104/20313104/public_html/system/View/View.php(217): CodeIgniter\View\View->CodeIgniter\View\{closure}()
#3 /storage/ssd5/104/20313104/public_html/system/Common.php(1097): CodeIgniter\View\View->render()
#4 /storage/ssd5/104/20313104/public_html/app/Views/layout/content.php(4): view()
#5 /storage/ssd5/104/20313104/public_html/app/Views/layout/wrapper.php(6): require_once('/storage/ssd5/1...')
#6 /storage/ssd5/104/20313104/public_html/system/View/View.php(214): include('/storage/ssd5/1...')
#7 /storage/ssd5/104/20313104/public_html/system/View/View.php(217): CodeIgniter\View\View->CodeIgniter\View\{closure}()
#8 /storage/ssd5/104/20313104/public_html/system/Common.php(1097): CodeIgniter\View\View->render()
#9 /storage/ssd5/104/20313104/public_html/app/Controllers/Staff.php(28): view()
#10 /storage/ssd5/104/20313104/public_html/system/CodeIgniter.php(824): App\Controllers\Staff->index()
#11 /storage/ssd5/104/20313104/public_html/system/CodeIgniter.php(410): CodeIgniter\CodeIgniter->runController()
#12 /storage/ssd5/104/20313104/public_html/system/CodeIgniter.php(318): CodeIgniter\CodeIgniter->handleRequest()
#13 /storage/ssd5/104/20313104/public_html/index.php(37): CodeIgniter\CodeIgniter->run()
#14 {main}
ERROR - 2023-02-17 09:20:21 --> Unknown column 'staff.urutan' in 'order clause'
CRITICAL - 2023-02-17 09:20:21 --> Call to a member function getResultArray() on null
#0 /storage/ssd5/104/20313104/public_html/app/Views/staff/index.php(33): App\Models\Staff_model->kategori_staff()
#1 /storage/ssd5/104/20313104/public_html/system/View/View.php(214): include('/storage/ssd5/1...')
#2 /storage/ssd5/104/20313104/public_html/system/View/View.php(217): CodeIgniter\View\View->CodeIgniter\View\{closure}()
#3 /storage/ssd5/104/20313104/public_html/system/Common.php(1097): CodeIgniter\View\View->render()
#4 /storage/ssd5/104/20313104/public_html/app/Views/layout/content.php(4): view()
#5 /storage/ssd5/104/20313104/public_html/app/Views/layout/wrapper.php(6): require_once('/storage/ssd5/1...')
#6 /storage/ssd5/104/20313104/public_html/system/View/View.php(214): include('/storage/ssd5/1...')
#7 /storage/ssd5/104/20313104/public_html/system/View/View.php(217): CodeIgniter\View\View->CodeIgniter\View\{closure}()
#8 /storage/ssd5/104/20313104/public_html/system/Common.php(1097): CodeIgniter\View\View->render()
#9 /storage/ssd5/104/20313104/public_html/app/Controllers/Staff.php(28): view()
#10 /storage/ssd5/104/20313104/public_html/system/CodeIgniter.php(824): App\Controllers\Staff->index()
#11 /storage/ssd5/104/20313104/public_html/system/CodeIgniter.php(410): CodeIgniter\CodeIgniter->runController()
#12 /storage/ssd5/104/20313104/public_html/system/CodeIgniter.php(318): CodeIgniter\CodeIgniter->handleRequest()
#13 /storage/ssd5/104/20313104/public_html/index.php(37): CodeIgniter\CodeIgniter->run()
#14 {main}
ERROR - 2023-02-17 09:21:50 --> Unknown column 'staff.urutan' in 'order clause'
CRITICAL - 2023-02-17 09:21:50 --> Call to a member function ResultArray() on null
#0 /storage/ssd5/104/20313104/public_html/app/Views/staff/index.php(33): App\Models\Staff_model->kategori_staff()
#1 /storage/ssd5/104/20313104/public_html/system/View/View.php(214): include('/storage/ssd5/1...')
#2 /storage/ssd5/104/20313104/public_html/system/View/View.php(217): CodeIgniter\View\View->CodeIgniter\View\{closure}()
#3 /storage/ssd5/104/20313104/public_html/system/Common.php(1097): CodeIgniter\View\View->render()
#4 /storage/ssd5/104/20313104/public_html/app/Views/layout/content.php(4): view()
#5 /storage/ssd5/104/20313104/public_html/app/Views/layout/wrapper.php(6): require_once('/storage/ssd5/1...')
#6 /storage/ssd5/104/20313104/public_html/system/View/View.php(214): include('/storage/ssd5/1...')
#7 /storage/ssd5/104/20313104/public_html/system/View/View.php(217): CodeIgniter\View\View->CodeIgniter\View\{closure}()
#8 /storage/ssd5/104/20313104/public_html/system/Common.php(1097): CodeIgniter\View\View->render()
#9 /storage/ssd5/104/20313104/public_html/app/Controllers/Staff.php(28): view()
#10 /storage/ssd5/104/20313104/public_html/system/CodeIgniter.php(824): App\Controllers\Staff->index()
#11 /storage/ssd5/104/20313104/public_html/system/CodeIgniter.php(410): CodeIgniter\CodeIgniter->runController()
#12 /storage/ssd5/104/20313104/public_html/system/CodeIgniter.php(318): CodeIgniter\CodeIgniter->handleRequest()
#13 /storage/ssd5/104/20313104/public_html/index.php(37): CodeIgniter\CodeIgniter->run()
#14 {main}
ERROR - 2023-02-17 09:22:54 --> Unknown column 'staff.urutan' in 'order clause'
CRITICAL - 2023-02-17 09:22:54 --> Call to a member function get() on null
#0 /storage/ssd5/104/20313104/public_html/app/Views/staff/index.php(33): App\Models\Staff_model->kategori_staff()
#1 /storage/ssd5/104/20313104/public_html/system/View/View.php(214): include('/storage/ssd5/1...')
#2 /storage/ssd5/104/20313104/public_html/system/View/View.php(217): CodeIgniter\View\View->CodeIgniter\View\{closure}()
#3 /storage/ssd5/104/20313104/public_html/system/Common.php(1097): CodeIgniter\View\View->render()
#4 /storage/ssd5/104/20313104/public_html/app/Views/layout/content.php(4): view()
#5 /storage/ssd5/104/20313104/public_html/app/Views/layout/wrapper.php(6): require_once('/storage/ssd5/1...')
#6 /storage/ssd5/104/20313104/public_html/system/View/View.php(214): include('/storage/ssd5/1...')
#7 /storage/ssd5/104/20313104/public_html/system/View/View.php(217): CodeIgniter\View\View->CodeIgniter\View\{closure}()
#8 /storage/ssd5/104/20313104/public_html/system/Common.php(1097): CodeIgniter\View\View->render()
#9 /storage/ssd5/104/20313104/public_html/app/Controllers/Staff.php(28): view()
#10 /storage/ssd5/104/20313104/public_html/system/CodeIgniter.php(824): App\Controllers\Staff->index()
#11 /storage/ssd5/104/20313104/public_html/system/CodeIgniter.php(410): CodeIgniter\CodeIgniter->runController()
#12 /storage/ssd5/104/20313104/public_html/system/CodeIgniter.php(318): CodeIgniter\CodeIgniter->handleRequest()
#13 /storage/ssd5/104/20313104/public_html/index.php(37): CodeIgniter\CodeIgniter->run()
#14 {main}
ERROR - 2023-02-17 09:22:56 --> Unknown column 'staff.urutan' in 'order clause'
CRITICAL - 2023-02-17 09:22:56 --> Call to a member function get() on null
#0 /storage/ssd5/104/20313104/public_html/app/Views/staff/index.php(33): App\Models\Staff_model->kategori_staff()
#1 /storage/ssd5/104/20313104/public_html/system/View/View.php(214): include('/storage/ssd5/1...')
#2 /storage/ssd5/104/20313104/public_html/system/View/View.php(217): CodeIgniter\View\View->CodeIgniter\View\{closure}()
#3 /storage/ssd5/104/20313104/public_html/system/Common.php(1097): CodeIgniter\View\View->render()
#4 /storage/ssd5/104/20313104/public_html/app/Views/layout/content.php(4): view()
#5 /storage/ssd5/104/20313104/public_html/app/Views/layout/wrapper.php(6): require_once('/storage/ssd5/1...')
#6 /storage/ssd5/104/20313104/public_html/system/View/View.php(214): include('/storage/ssd5/1...')
#7 /storage/ssd5/104/20313104/public_html/system/View/View.php(217): CodeIgniter\View\View->CodeIgniter\View\{closure}()
#8 /storage/ssd5/104/20313104/public_html/system/Common.php(1097): CodeIgniter\View\View->render()
#9 /storage/ssd5/104/20313104/public_html/app/Controllers/Staff.php(28): view()
#10 /storage/ssd5/104/20313104/public_html/system/CodeIgniter.php(824): App\Controllers\Staff->index()
#11 /storage/ssd5/104/20313104/public_html/system/CodeIgniter.php(410): CodeIgniter\CodeIgniter->runController()
#12 /storage/ssd5/104/20313104/public_html/system/CodeIgniter.php(318): CodeIgniter\CodeIgniter->handleRequest()
#13 /storage/ssd5/104/20313104/public_html/index.php(37): CodeIgniter\CodeIgniter->run()
#14 {main}
ERROR - 2023-02-17 09:24:04 --> Unknown column 'staff.urutan' in 'order clause'
CRITICAL - 2023-02-17 09:24:04 --> Call to a member function get() on null
#0 /storage/ssd5/104/20313104/public_html/app/Views/staff/index.php(33): App\Models\Staff_model->kategori_staff()
#1 /storage/ssd5/104/20313104/public_html/system/View/View.php(214): include('/storage/ssd5/1...')
#2 /storage/ssd5/104/20313104/public_html/system/View/View.php(217): CodeIgniter\View\View->CodeIgniter\View\{closure}()
#3 /storage/ssd5/104/20313104/public_html/system/Common.php(1097): CodeIgniter\View\View->render()
#4 /storage/ssd5/104/20313104/public_html/app/Views/layout/content.php(4): view()
#5 /storage/ssd5/104/20313104/public_html/app/Views/layout/wrapper.php(6): require_once('/storage/ssd5/1...')
#6 /storage/ssd5/104/20313104/public_html/system/View/View.php(214): include('/storage/ssd5/1...')
#7 /storage/ssd5/104/20313104/public_html/system/View/View.php(217): CodeIgniter\View\View->CodeIgniter\View\{closure}()
#8 /storage/ssd5/104/20313104/public_html/system/Common.php(1097): CodeIgniter\View\View->render()
#9 /storage/ssd5/104/20313104/public_html/app/Controllers/Staff.php(28): view()
#10 /storage/ssd5/104/20313104/public_html/system/CodeIgniter.php(824): App\Controllers\Staff->index()
#11 /storage/ssd5/104/20313104/public_html/system/CodeIgniter.php(410): CodeIgniter\CodeIgniter->runController()
#12 /storage/ssd5/104/20313104/public_html/system/CodeIgniter.php(318): CodeIgniter\CodeIgniter->handleRequest()
#13 /storage/ssd5/104/20313104/public_html/index.php(37): CodeIgniter\CodeIgniter->run()
#14 {main}
ERROR - 2023-02-17 09:24:06 --> Unknown column 'staff.urutan' in 'order clause'
CRITICAL - 2023-02-17 09:24:06 --> Call to a member function get() on null
#0 /storage/ssd5/104/20313104/public_html/app/Views/staff/index.php(33): App\Models\Staff_model->kategori_staff()
#1 /storage/ssd5/104/20313104/public_html/system/View/View.php(214): include('/storage/ssd5/1...')
#2 /storage/ssd5/104/20313104/public_html/system/View/View.php(217): CodeIgniter\View\View->CodeIgniter\View\{closure}()
#3 /storage/ssd5/104/20313104/public_html/system/Common.php(1097): CodeIgniter\View\View->render()
#4 /storage/ssd5/104/20313104/public_html/app/Views/layout/content.php(4): view()
#5 /storage/ssd5/104/20313104/public_html/app/Views/layout/wrapper.php(6): require_once('/storage/ssd5/1...')
#6 /storage/ssd5/104/20313104/public_html/system/View/View.php(214): include('/storage/ssd5/1...')
#7 /storage/ssd5/104/20313104/public_html/system/View/View.php(217): CodeIgniter\View\View->CodeIgniter\View\{closure}()
#8 /storage/ssd5/104/20313104/public_html/system/Common.php(1097): CodeIgniter\View\View->render()
#9 /storage/ssd5/104/20313104/public_html/app/Controllers/Staff.php(28): view()
#10 /storage/ssd5/104/20313104/public_html/system/CodeIgniter.php(824): App\Controllers\Staff->index()
#11 /storage/ssd5/104/20313104/public_html/system/CodeIgniter.php(410): CodeIgniter\CodeIgniter->runController()
#12 /storage/ssd5/104/20313104/public_html/system/CodeIgniter.php(318): CodeIgniter\CodeIgniter->handleRequest()
#13 /storage/ssd5/104/20313104/public_html/index.php(37): CodeIgniter\CodeIgniter->run()
#14 {main}
ERROR - 2023-02-17 09:25:10 --> Unknown column 'staff.urutan' in 'order clause'
CRITICAL - 2023-02-17 09:25:10 --> Call to a member function getResultArray() on bool
#0 /storage/ssd5/104/20313104/public_html/app/Views/staff/index.php(33): App\Models\Staff_model->kategori_staff()
#1 /storage/ssd5/104/20313104/public_html/system/View/View.php(214): include('/storage/ssd5/1...')
#2 /storage/ssd5/104/20313104/public_html/system/View/View.php(217): CodeIgniter\View\View->CodeIgniter\View\{closure}()
#3 /storage/ssd5/104/20313104/public_html/system/Common.php(1097): CodeIgniter\View\View->render()
#4 /storage/ssd5/104/20313104/public_html/app/Views/layout/content.php(4): view()
#5 /storage/ssd5/104/20313104/public_html/app/Views/layout/wrapper.php(6): require_once('/storage/ssd5/1...')
#6 /storage/ssd5/104/20313104/public_html/system/View/View.php(214): include('/storage/ssd5/1...')
#7 /storage/ssd5/104/20313104/public_html/system/View/View.php(217): CodeIgniter\View\View->CodeIgniter\View\{closure}()
#8 /storage/ssd5/104/20313104/public_html/system/Common.php(1097): CodeIgniter\View\View->render()
#9 /storage/ssd5/104/20313104/public_html/app/Controllers/Staff.php(28): view()
#10 /storage/ssd5/104/20313104/public_html/system/CodeIgniter.php(824): App\Controllers\Staff->index()
#11 /storage/ssd5/104/20313104/public_html/system/CodeIgniter.php(410): CodeIgniter\CodeIgniter->runController()
#12 /storage/ssd5/104/20313104/public_html/system/CodeIgniter.php(318): CodeIgniter\CodeIgniter->handleRequest()
#13 /storage/ssd5/104/20313104/public_html/index.php(37): CodeIgniter\CodeIgniter->run()
#14 {main}
CRITICAL - 2023-02-17 09:27:24 --> syntax error, unexpected '$query' (T_VARIABLE), expecting '('
#0 /storage/ssd5/104/20313104/public_html/system/Autoloader/Autoloader.php(241): CodeIgniter\Autoloader\Autoloader->includeFile()
#1 /storage/ssd5/104/20313104/public_html/system/Autoloader/Autoloader.php(219): CodeIgniter\Autoloader\Autoloader->loadInNamespace()
#2 [internal function]: CodeIgniter\Autoloader\Autoloader->loadClass()
#3 /storage/ssd5/104/20313104/public_html/app/Controllers/Staff.php(15): spl_autoload_call()
#4 /storage/ssd5/104/20313104/public_html/system/CodeIgniter.php(824): App\Controllers\Staff->index()
#5 /storage/ssd5/104/20313104/public_html/system/CodeIgniter.php(410): CodeIgniter\CodeIgniter->runController()
#6 /storage/ssd5/104/20313104/public_html/system/CodeIgniter.php(318): CodeIgniter\CodeIgniter->handleRequest()
#7 /storage/ssd5/104/20313104/public_html/index.php(37): CodeIgniter\CodeIgniter->run()
#8 {main}
CRITICAL - 2023-02-17 09:28:14 --> syntax error, unexpected '$query' (T_VARIABLE), expecting '('
#0 /storage/ssd5/104/20313104/public_html/system/Autoloader/Autoloader.php(241): CodeIgniter\Autoloader\Autoloader->includeFile()
#1 /storage/ssd5/104/20313104/public_html/system/Autoloader/Autoloader.php(219): CodeIgniter\Autoloader\Autoloader->loadInNamespace()
#2 [internal function]: CodeIgniter\Autoloader\Autoloader->loadClass()
#3 /storage/ssd5/104/20313104/public_html/app/Controllers/Staff.php(15): spl_autoload_call()
#4 /storage/ssd5/104/20313104/public_html/system/CodeIgniter.php(824): App\Controllers\Staff->index()
#5 /storage/ssd5/104/20313104/public_html/system/CodeIgniter.php(410): CodeIgniter\CodeIgniter->runController()
#6 /storage/ssd5/104/20313104/public_html/system/CodeIgniter.php(318): CodeIgniter\CodeIgniter->handleRequest()
#7 /storage/ssd5/104/20313104/public_html/index.php(37): CodeIgniter\CodeIgniter->run()
#8 {main}
ERROR - 2023-02-17 09:28:26 --> Unknown column 'staff.urutan' in 'order clause'
CRITICAL - 2023-02-17 09:28:26 --> Call to a member function getResultArray() on bool
#0 /storage/ssd5/104/20313104/public_html/app/Views/staff/index.php(33): App\Models\Staff_model->kategori_staff()
#1 /storage/ssd5/104/20313104/public_html/system/View/View.php(214): include('/storage/ssd5/1...')
#2 /storage/ssd5/104/20313104/public_html/system/View/View.php(217): CodeIgniter\View\View->CodeIgniter\View\{closure}()
#3 /storage/ssd5/104/20313104/public_html/system/Common.php(1097): CodeIgniter\View\View->render()
#4 /storage/ssd5/104/20313104/public_html/app/Views/layout/content.php(4): view()
#5 /storage/ssd5/104/20313104/public_html/app/Views/layout/wrapper.php(6): require_once('/storage/ssd5/1...')
#6 /storage/ssd5/104/20313104/public_html/system/View/View.php(214): include('/storage/ssd5/1...')
#7 /storage/ssd5/104/20313104/public_html/system/View/View.php(217): CodeIgniter\View\View->CodeIgniter\View\{closure}()
#8 /storage/ssd5/104/20313104/public_html/system/Common.php(1097): CodeIgniter\View\View->render()
#9 /storage/ssd5/104/20313104/public_html/app/Controllers/Staff.php(28): view()
#10 /storage/ssd5/104/20313104/public_html/system/CodeIgniter.php(824): App\Controllers\Staff->index()
#11 /storage/ssd5/104/20313104/public_html/system/CodeIgniter.php(410): CodeIgniter\CodeIgniter->runController()
#12 /storage/ssd5/104/20313104/public_html/system/CodeIgniter.php(318): CodeIgniter\CodeIgniter->handleRequest()
#13 /storage/ssd5/104/20313104/public_html/index.php(37): CodeIgniter\CodeIgniter->run()
#14 {main}
CRITICAL - 2023-02-17 09:33:09 --> Call to a member function get() on null
#0 /storage/ssd5/104/20313104/public_html/app/Views/staff/index.php(33): App\Models\Staff_model->kategori_staff()
#1 /storage/ssd5/104/20313104/public_html/system/View/View.php(214): include('/storage/ssd5/1...')
#2 /storage/ssd5/104/20313104/public_html/system/View/View.php(217): CodeIgniter\View\View->CodeIgniter\View\{closure}()
#3 /storage/ssd5/104/20313104/public_html/system/Common.php(1097): CodeIgniter\View\View->render()
#4 /storage/ssd5/104/20313104/public_html/app/Views/layout/content.php(4): view()
#5 /storage/ssd5/104/20313104/public_html/app/Views/layout/wrapper.php(6): require_once('/storage/ssd5/1...')
#6 /storage/ssd5/104/20313104/public_html/system/View/View.php(214): include('/storage/ssd5/1...')
#7 /storage/ssd5/104/20313104/public_html/system/View/View.php(217): CodeIgniter\View\View->CodeIgniter\View\{closure}()
#8 /storage/ssd5/104/20313104/public_html/system/Common.php(1097): CodeIgniter\View\View->render()
#9 /storage/ssd5/104/20313104/public_html/app/Controllers/Staff.php(28): view()
#10 /storage/ssd5/104/20313104/public_html/system/CodeIgniter.php(824): App\Controllers\Staff->index()
#11 /storage/ssd5/104/20313104/public_html/system/CodeIgniter.php(410): CodeIgniter\CodeIgniter->runController()
#12 /storage/ssd5/104/20313104/public_html/system/CodeIgniter.php(318): CodeIgniter\CodeIgniter->handleRequest()
#13 /storage/ssd5/104/20313104/public_html/index.php(37): CodeIgniter\CodeIgniter->run()
#14 {main}
ERROR - 2023-02-17 09:44:29 --> Unknown column 'urutan' in 'field list'
ERROR - 2023-02-17 09:53:52 --> Unknown column 'urutan' in 'field list'
CRITICAL - 2023-02-17 11:16:34 --> You must set the database table to be used with your query.
#0 /storage/ssd5/104/20313104/public_html/system/Model.php(545): CodeIgniter\Database\BaseConnection->table()
#1 /storage/ssd5/104/20313104/public_html/system/Model.php(333): CodeIgniter\Model->builder()
#2 /storage/ssd5/104/20313104/public_html/system/BaseModel.php(963): CodeIgniter\Model->doDelete()
#3 /storage/ssd5/104/20313104/public_html/app/Controllers/Admin/Staff.php(185): CodeIgniter\BaseModel->delete()
#4 /storage/ssd5/104/20313104/public_html/system/CodeIgniter.php(824): App\Controllers\Admin\Staff->delete()
#5 /storage/ssd5/104/20313104/public_html/system/CodeIgniter.php(410): CodeIgniter\CodeIgniter->runController()
#6 /storage/ssd5/104/20313104/public_html/system/CodeIgniter.php(318): CodeIgniter\CodeIgniter->handleRequest()
#7 /storage/ssd5/104/20313104/public_html/index.php(37): CodeIgniter\CodeIgniter->run()
#8 {main}
ERROR - 2023-02-17 11:17:44 --> Unknown column 'urutan' in 'field list'
CRITICAL - 2023-02-17 11:18:16 --> Call to a member function get() on null
#0 /storage/ssd5/104/20313104/public_html/app/Views/staff/index.php(33): App\Models\Staff_model->kategori_staff()
#1 /storage/ssd5/104/20313104/public_html/system/View/View.php(214): include('/storage/ssd5/1...')
#2 /storage/ssd5/104/20313104/public_html/system/View/View.php(217): CodeIgniter\View\View->CodeIgniter\View\{closure}()
#3 /storage/ssd5/104/20313104/public_html/system/Common.php(1097): CodeIgniter\View\View->render()
#4 /storage/ssd5/104/20313104/public_html/app/Views/layout/content.php(4): view()
#5 /storage/ssd5/104/20313104/public_html/app/Views/layout/wrapper.php(6): require_once('/storage/ssd5/1...')
#6 /storage/ssd5/104/20313104/public_html/system/View/View.php(214): include('/storage/ssd5/1...')
#7 /storage/ssd5/104/20313104/public_html/system/View/View.php(217): CodeIgniter\View\View->CodeIgniter\View\{closure}()
#8 /storage/ssd5/104/20313104/public_html/system/Common.php(1097): CodeIgniter\View\View->render()
#9 /storage/ssd5/104/20313104/public_html/app/Controllers/Staff.php(28): view()
#10 /storage/ssd5/104/20313104/public_html/system/CodeIgniter.php(824): App\Controllers\Staff->index()
#11 /storage/ssd5/104/20313104/public_html/system/CodeIgniter.php(410): CodeIgniter\CodeIgniter->runController()
#12 /storage/ssd5/104/20313104/public_html/system/CodeIgniter.php(318): CodeIgniter\CodeIgniter->handleRequest()
#13 /storage/ssd5/104/20313104/public_html/index.php(37): CodeIgniter\CodeIgniter->run()
#14 {main}
CRITICAL - 2023-02-17 13:12:14 --> Call to a member function get() on null
#0 /storage/ssd5/104/20313104/public_html/app/Views/staff/index.php(33): App\Models\Staff_model->kategori_staff()
#1 /storage/ssd5/104/20313104/public_html/system/View/View.php(214): include('/storage/ssd5/1...')
#2 /storage/ssd5/104/20313104/public_html/system/View/View.php(217): CodeIgniter\View\View->CodeIgniter\View\{closure}()
#3 /storage/ssd5/104/20313104/public_html/system/Common.php(1097): CodeIgniter\View\View->render()
#4 /storage/ssd5/104/20313104/public_html/app/Views/layout/content.php(4): view()
#5 /storage/ssd5/104/20313104/public_html/app/Views/layout/wrapper.php(6): require_once('/storage/ssd5/1...')
#6 /storage/ssd5/104/20313104/public_html/system/View/View.php(214): include('/storage/ssd5/1...')
#7 /storage/ssd5/104/20313104/public_html/system/View/View.php(217): CodeIgniter\View\View->CodeIgniter\View\{closure}()
#8 /storage/ssd5/104/20313104/public_html/system/Common.php(1097): CodeIgniter\View\View->render()
#9 /storage/ssd5/104/20313104/public_html/app/Controllers/Staff.php(28): view()
#10 /storage/ssd5/104/20313104/public_html/system/CodeIgniter.php(824): App\Controllers\Staff->index()
#11 /storage/ssd5/104/20313104/public_html/system/CodeIgniter.php(410): CodeIgniter\CodeIgniter->runController()
#12 /storage/ssd5/104/20313104/public_html/system/CodeIgniter.php(318): CodeIgniter\CodeIgniter->handleRequest()
#13 /storage/ssd5/104/20313104/public_html/index.php(37): CodeIgniter\CodeIgniter->run()
#14 {main}
CRITICAL - 2023-02-17 17:23:28 --> Call to a member function get() on null
#0 /storage/ssd5/104/20313104/public_html/app/Views/staff/index.php(33): App\Models\Staff_model->kategori_staff()
#1 /storage/ssd5/104/20313104/public_html/system/View/View.php(214): include('/storage/ssd5/1...')
#2 /storage/ssd5/104/20313104/public_html/system/View/View.php(217): CodeIgniter\View\View->CodeIgniter\View\{closure}()
#3 /storage/ssd5/104/20313104/public_html/system/Common.php(1097): CodeIgniter\View\View->render()
#4 /storage/ssd5/104/20313104/public_html/app/Views/layout/content.php(4): view()
#5 /storage/ssd5/104/20313104/public_html/app/Views/layout/wrapper.php(6): require_once('/storage/ssd5/1...')
#6 /storage/ssd5/104/20313104/public_html/system/View/View.php(214): include('/storage/ssd5/1...')
#7 /storage/ssd5/104/20313104/public_html/system/View/View.php(217): CodeIgniter\View\View->CodeIgniter\View\{closure}()
#8 /storage/ssd5/104/20313104/public_html/system/Common.php(1097): CodeIgniter\View\View->render()
#9 /storage/ssd5/104/20313104/public_html/app/Controllers/Staff.php(28): view()
#10 /storage/ssd5/104/20313104/public_html/system/CodeIgniter.php(824): App\Controllers\Staff->index()
#11 /storage/ssd5/104/20313104/public_html/system/CodeIgniter.php(410): CodeIgniter\CodeIgniter->runController()
#12 /storage/ssd5/104/20313104/public_html/system/CodeIgniter.php(318): CodeIgniter\CodeIgniter->handleRequest()
#13 /storage/ssd5/104/20313104/public_html/index.php(37): CodeIgniter\CodeIgniter->run()
#14 {main}
