CRITICAL - 2023-02-24 11:37:59 --> The framework needs the following extension(s) installed and loaded: GD.
#0 C:\xampp\htdocs\webci4\system\Images\Handlers\GDHandler.php(34): CodeIgniter\Exceptions\FrameworkException::forMissingExtension('GD')
#1 C:\xampp\htdocs\webci4\system\Config\Services.php(312): CodeIgniter\Images\Handlers\GDHandler->__construct(Object(Config\Images))
#2 C:\xampp\htdocs\webci4\system\Config\BaseService.php(248): CodeIgniter\Config\Services::image('gd', Object(Config\Images), false)
#3 C:\xampp\htdocs\webci4\system\Config\BaseService.php(189): CodeIgniter\Config\BaseService::__callStatic('image', Array)
#4 C:\xampp\htdocs\webci4\system\Config\Services.php(305): CodeIgniter\Config\BaseService::getSharedInstance('image', NULL, NULL)
#5 C:\xampp\htdocs\webci4\system\Config\BaseService.php(248): CodeIgniter\Config\Services::image()
#6 C:\xampp\htdocs\webci4\app\Controllers\Admin\BaseController.php(44): CodeIgniter\Config\BaseService::__callStatic('image', Array)
#7 C:\xampp\htdocs\webci4\system\CodeIgniter.php(802): App\Controllers\Admin\BaseController->initController(Object(CodeIgniter\HTTP\IncomingRequest), Object(CodeIgniter\HTTP\Response), Object(CodeIgniter\Log\Logger))
#8 C:\xampp\htdocs\webci4\system\CodeIgniter.php(401): CodeIgniter\CodeIgniter->createController()
#9 C:\xampp\htdocs\webci4\system\CodeIgniter.php(318): CodeIgniter\CodeIgniter->handleRequest(NULL, Object(Config\Cache), false)
#10 C:\xampp\htdocs\webci4\index.php(37): CodeIgniter\CodeIgniter->run()
#11 {main}
CRITICAL - 2023-02-24 11:38:40 --> The framework needs the following extension(s) installed and loaded: GD.
#0 C:\xampp\htdocs\webci4\system\Images\Handlers\GDHandler.php(34): CodeIgniter\Exceptions\FrameworkException::forMissingExtension('GD')
#1 C:\xampp\htdocs\webci4\system\Config\Services.php(312): CodeIgniter\Images\Handlers\GDHandler->__construct(Object(Config\Images))
#2 C:\xampp\htdocs\webci4\system\Config\BaseService.php(248): CodeIgniter\Config\Services::image('gd', Object(Config\Images), false)
#3 C:\xampp\htdocs\webci4\system\Config\BaseService.php(189): CodeIgniter\Config\BaseService::__callStatic('image', Array)
#4 C:\xampp\htdocs\webci4\system\Config\Services.php(305): CodeIgniter\Config\BaseService::getSharedInstance('image', NULL, NULL)
#5 C:\xampp\htdocs\webci4\system\Config\BaseService.php(248): CodeIgniter\Config\Services::image()
#6 C:\xampp\htdocs\webci4\app\Controllers\Admin\BaseController.php(44): CodeIgniter\Config\BaseService::__callStatic('image', Array)
#7 C:\xampp\htdocs\webci4\system\CodeIgniter.php(802): App\Controllers\Admin\BaseController->initController(Object(CodeIgniter\HTTP\IncomingRequest), Object(CodeIgniter\HTTP\Response), Object(CodeIgniter\Log\Logger))
#8 C:\xampp\htdocs\webci4\system\CodeIgniter.php(401): CodeIgniter\CodeIgniter->createController()
#9 C:\xampp\htdocs\webci4\system\CodeIgniter.php(318): CodeIgniter\CodeIgniter->handleRequest(NULL, Object(Config\Cache), false)
#10 C:\xampp\htdocs\webci4\index.php(37): CodeIgniter\CodeIgniter->run()
#11 {main}
ERROR - 2023-02-24 13:11:37 --> Error connecting to the database: Access denied for user '****'@'localhost' (using password: YES)
CRITICAL - 2023-02-24 13:11:37 --> Unable to connect to the database.
Main connection [MySQLi]: Access denied for user '****'@'localhost' (using password: YES)
#0 C:\xampp\htdocs\webci4\system\Database\BaseConnection.php(577): CodeIgniter\Database\BaseConnection->initialize()
#1 C:\xampp\htdocs\webci4\system\Database\BaseBuilder.php(1443): CodeIgniter\Database\BaseConnection->query('SELECT *\nFROM `...', Array, false)
#2 C:\xampp\htdocs\webci4\system\Model.php(210): CodeIgniter\Database\BaseBuilder->get()
#3 C:\xampp\htdocs\webci4\system\BaseModel.php(622): CodeIgniter\Model->doFirst()
#4 C:\xampp\htdocs\webci4\app\Models\Konfigurasi_model.php(17): CodeIgniter\BaseModel->first()
#5 C:\xampp\htdocs\webci4\app\Controllers\Home.php(19): App\Models\Konfigurasi_model->listing()
#6 C:\xampp\htdocs\webci4\system\CodeIgniter.php(824): App\Controllers\Home->index()
#7 C:\xampp\htdocs\webci4\system\CodeIgniter.php(410): CodeIgniter\CodeIgniter->runController(Object(App\Controllers\Home))
#8 C:\xampp\htdocs\webci4\system\CodeIgniter.php(318): CodeIgniter\CodeIgniter->handleRequest(NULL, Object(Config\Cache), false)
#9 C:\xampp\htdocs\webci4\index.php(37): CodeIgniter\CodeIgniter->run()
#10 {main}
